<?xml version="1.0" encoding="UTF-8"?>
<!-- Generated by org.testng.reporters.JUnitXMLReporter -->
<testsuite hostname="DESKTOP-08ELHDF" ignored="0" name="test1" tests="2" failures="1" timestamp="26 十一月 2018 10:08:23 GMT" time="23.38" errors="0">
  <testcase name="LoginFailed" time="12.189" classname="com.webtest.demo.Front_Login_Test">
    <failure type="java.lang.AssertionError" message="expected [true] but found [false]">
      <![CDATA[java.lang.AssertionError: expected [true] but found [false]
at com.webtest.demo.Front_Login_Test.LoginFailed(Front_Login_Test.java:31)
... Removed 29 stack frames]]>
    </failure>
  </testcase> <!-- LoginFailed -->
  <testcase name="LoginSuccess" time="11.144" classname="com.webtest.demo.Front_Login_Test"/>
</testsuite> <!-- test1 -->
